<?xml version="1.0" encoding="UTF-8"?>
<!-- Generated by org.testng.reporters.JUnitReportReporter -->
<testsuite hostname="USER-PC" name="com.Tests.LoginPageTest" tests="3" failures="0" timestamp="7 Jan 2018 08:12:11 GMT" time="102.377" errors="0">
  <testcase name="Logoverify" time="37.965" classname="com.Tests.LoginPageTest"/>
  <testcase name="LoginTest" time="35.524" classname="com.Tests.LoginPageTest"/>
  <testcase name="LoginTest" time="28.888" classname="com.Tests.LoginPageTest"/>
</testsuite> <!-- com.Tests.LoginPageTest -->
