<?xml version="1.0" encoding="UTF-8"?>
<!-- Generated by org.testng.reporters.JUnitReportReporter -->
<testsuite hostname="USER-PC" name="com.Tests.DemoTests" tests="1" failures="0" timestamp="7 Jan 2018 07:56:01 GMT" time="41.160" errors="0">
  <testcase name="title" time="41.160" classname="com.Tests.DemoTests"/>
</testsuite> <!-- com.Tests.DemoTests -->
