<?xml version="1.0" encoding="UTF-8"?>
<!-- Generated by org.testng.reporters.JUnitReportReporter -->
<testsuite hostname="USER-PC" name="com.Tests.NewEventTest" tests="1" failures="0" timestamp="11 Feb 2018 19:01:08 GMT" time="45.494" errors="0">
  <testcase name="NewEventAdd1" time="45.494" classname="com.Tests.NewEventTest"/>
</testsuite> <!-- com.Tests.NewEventTest -->
