<?xml version="1.0" encoding="UTF-8"?>
<!-- Generated by org.testng.reporters.JUnitReportReporter -->
<testsuite skipped="3" hostname="USER-PC" name="com.Tests.Login2Test" tests="3" failures="0" timestamp="28 Sep 2018 21:05:03 GMT" time="0.000" errors="0">
  <testcase name="LoginTest" time="0.000" classname="com.Tests.Login2Test">
    <skipped/>
  </testcase> <!-- LoginTest -->
  <testcase name="Login" classname="com.Tests.Login2Test">
    <skipped/>
  </testcase> <!-- Login -->
  <testcase name="Logoverify" classname="com.Tests.Login2Test">
    <skipped/>
  </testcase> <!-- Logoverify -->
</testsuite> <!-- com.Tests.Login2Test -->
