<?xml version="1.0" encoding="UTF-8"?>
<!-- Generated by org.testng.reporters.JUnitReportReporter -->
<testsuite hostname="USER-PC" name="com.Utilities.SendMail" tests="1" failures="0" timestamp="4 Jan 2018 14:54:20 GMT" time="3.687" errors="0">
  <testcase name="SendEmail" time="3.687" classname="com.Utilities.SendMail"/>
</testsuite> <!-- com.Utilities.SendMail -->
