<?xml version="1.0" encoding="UTF-8"?>
<!-- Generated by org.testng.reporters.JUnitReportReporter -->
<testsuite hostname="USER-PC" name="com.Tests.ForgotPwdTest" tests="2" failures="0" timestamp="12 Aug 2018 07:41:28 GMT" time="66.609" errors="0">
  <testcase name="ValidUsrFrgtPwd" time="38.188" classname="com.Tests.ForgotPwdTest"/>
  <testcase name="InValidUsrFrgtPwd" time="28.421" classname="com.Tests.ForgotPwdTest"/>
</testsuite> <!-- com.Tests.ForgotPwdTest -->
