<?xml version="1.0" encoding="UTF-8"?>
<!-- Generated by org.testng.reporters.JUnitReportReporter -->
<testsuite hostname="USER-PC" name="com.Tests.ContactCases" tests="2" failures="0" timestamp="22 Apr 2018 13:00:40 GMT" time="121.116" errors="0">
  <testcase name="selectCheckboxGridbyxpath" time="76.786" classname="com.Tests.ContactCases"/>
  <testcase name="selectCheckboxGrid" time="44.330" classname="com.Tests.ContactCases"/>
</testsuite> <!-- com.Tests.ContactCases -->
