<?xml version="1.0" encoding="UTF-8"?>
<!-- Generated by org.testng.reporters.JUnitReportReporter -->
<testsuite hostname="USER-PC" name="com.Tests.NewEventTest" tests="1" failures="0" timestamp="15 Jan 2018 07:32:52 GMT" time="78.021" errors="0">
  <testcase name="ClickonNewEventMenu" time="78.021" classname="com.Tests.NewEventTest"/>
</testsuite> <!-- com.Tests.NewEventTest -->
