<?xml version="1.0" encoding="UTF-8"?>
<!-- Generated by org.testng.reporters.JUnitReportReporter -->
<testsuite hostname="USER-PC" name="com.Tests.LoginTest2" tests="1" failures="0" timestamp="3 Jan 2018 12:46:51 GMT" time="39.099" errors="0">
  <testcase name="Login" time="39.099" classname="com.Tests.LoginTest2"/>
</testsuite> <!-- com.Tests.LoginTest2 -->
