<?xml version="1.0" encoding="UTF-8"?>
<!-- Generated by org.testng.reporters.JUnitReportReporter -->
<testsuite hostname="USER-PC" name="com.Tests.CasesTest" tests="1" failures="0" timestamp="31 Mar 2018 07:48:27 GMT" time="79.852" errors="0">
  <testcase name="NewCasesAdding" time="79.852" classname="com.Tests.CasesTest"/>
</testsuite> <!-- com.Tests.CasesTest -->
