<?xml version="1.0" encoding="UTF-8"?>
<!-- Generated by org.testng.reporters.JUnitReportReporter -->
<testsuite hostname="USER-PC" name="com.Tests.LoginPageTest" tests="1" failures="0" timestamp="27 Jan 2018 21:21:13 GMT" time="43.557" errors="0">
  <testcase name="Login" time="43.557" classname="com.Tests.LoginPageTest"/>
</testsuite> <!-- com.Tests.LoginPageTest -->
