<?xml version="1.0" encoding="UTF-8"?>
<!-- Generated by org.testng.reporters.JUnitReportReporter -->
<testsuite hostname="USER-PC" name="com.Tests.CallTest" tests="1" failures="0" timestamp="25 Jul 2018 08:10:41 GMT" time="74.764" errors="0">
  <testcase name="addWithNovalues" time="74.764" classname="com.Tests.CallTest"/>
</testsuite> <!-- com.Tests.CallTest -->
