<?xml version="1.0" encoding="UTF-8"?>
<!-- Generated by org.testng.reporters.JUnitReportReporter -->
<testsuite hostname="USER-PC" name="com.Tests.RegistrationTest" tests="5" failures="0" timestamp="12 Aug 2018 07:35:13 GMT" time="163.911" errors="0">
  <testcase name="CreateRegistration" time="34.447" classname="com.Tests.RegistrationTest"/>
  <testcase name="CreateRegistration" time="37.082" classname="com.Tests.RegistrationTest"/>
  <testcase name="CreateRegistration" time="31.326" classname="com.Tests.RegistrationTest"/>
  <testcase name="CreateRegistration" time="30.343" classname="com.Tests.RegistrationTest"/>
  <testcase name="CreateRegistration" time="30.713" classname="com.Tests.RegistrationTest"/>
</testsuite> <!-- com.Tests.RegistrationTest -->
