<?xml version="1.0" encoding="UTF-8"?>
<!-- Generated by org.testng.reporters.JUnitReportReporter -->
<testsuite hostname="USER-PC" name="com.Tests.ContactCases" tests="1" failures="0" timestamp="25 Apr 2018 07:26:26 GMT" time="91.970" errors="0">
  <testcase name="byName" time="91.970" classname="com.Tests.ContactCases"/>
</testsuite> <!-- com.Tests.ContactCases -->
