<?xml version="1.0" encoding="UTF-8"?>
<!-- Generated by org.testng.reporters.JUnitReportReporter -->
<testsuite hostname="USER-PC" name="com.Tests.ForgotPwdTest" tests="2" failures="0" timestamp="10 Jan 2018 07:26:54 GMT" time="61.717" errors="0">
  <testcase name="ValidUsrFrgtPwd" time="30.094" classname="com.Tests.ForgotPwdTest"/>
  <testcase name="InValidUsrFrgtPwd" time="31.623" classname="com.Tests.ForgotPwdTest"/>
</testsuite> <!-- com.Tests.ForgotPwdTest -->
