<?xml version="1.0" encoding="UTF-8"?>
<!-- Generated by org.testng.reporters.JUnitReportReporter -->
<testsuite hostname="USER-PC" name="com.Tests.LoginTest2" tests="1" failures="0" timestamp="10 Jan 2018 06:11:55 GMT" time="38.302" errors="0">
  <testcase name="Login" time="38.302" classname="com.Tests.LoginTest2"/>
</testsuite> <!-- com.Tests.LoginTest2 -->
