<?xml version="1.0" encoding="UTF-8"?>
<!-- Generated by org.testng.reporters.JUnitReportReporter -->
<testsuite hostname="USER-PC" name="com.Tests.LoginPageTest" tests="3" failures="0" timestamp="3 Jan 2018 20:59:53 GMT" time="143.528" errors="0">
  <testcase name="Logoverify" time="23.051" classname="com.Tests.LoginPageTest"/>
  <testcase name="LoginTest" time="31.231" classname="com.Tests.LoginPageTest"/>
  <testcase name="LoginTest" time="89.246" classname="com.Tests.LoginPageTest"/>
</testsuite> <!-- com.Tests.LoginPageTest -->
