<?xml version="1.0" encoding="UTF-8"?>
<!-- Generated by org.testng.reporters.JUnitReportReporter -->
<testsuite hostname="USER-PC" name="com.Tests.LoginTest2" tests="1" failures="0" timestamp="7 Jan 2018 18:40:42 GMT" time="37.702" errors="0">
  <testcase name="Login" time="37.702" classname="com.Tests.LoginTest2"/>
</testsuite> <!-- com.Tests.LoginTest2 -->
