<?xml version="1.0" encoding="UTF-8"?>
<!-- Generated by org.testng.reporters.JUnitReportReporter -->
<testsuite hostname="USER-PC" name="com.Tests.LoginPageTest" tests="1" failures="0" timestamp="19 Jan 2018 06:46:11 GMT" time="43.138" errors="0">
  <testcase name="Login" time="43.138" classname="com.Tests.LoginPageTest"/>
</testsuite> <!-- com.Tests.LoginPageTest -->
