<?xml version="1.0" encoding="UTF-8"?>
<!-- Generated by org.testng.reporters.JUnitReportReporter -->
<testsuite hostname="USER-PC" name="com.Tests.LoginPageTest" tests="3" failures="0" timestamp="4 Jan 2018 13:51:37 GMT" time="106.640" errors="0">
  <testcase name="LoginTest" time="48.268" classname="com.Tests.LoginPageTest"/>
  <testcase name="Logoverify" time="17.937" classname="com.Tests.LoginPageTest"/>
  <testcase name="LoginTest" time="40.435" classname="com.Tests.LoginPageTest"/>
</testsuite> <!-- com.Tests.LoginPageTest -->
