<?xml version="1.0" encoding="UTF-8"?>
<!-- Generated by org.testng.reporters.JUnitReportReporter -->
<testsuite hostname="USER-PC" name="com.Failures.RunFailTest" tests="1" failures="0" timestamp="17 Jan 2018 07:53:31 GMT" time="19.504" errors="0">
  <testcase name="FailRun" time="19.504" classname="com.Failures.RunFailTest"/>
</testsuite> <!-- com.Failures.RunFailTest -->
