<?xml version="1.0" encoding="UTF-8"?>
<!-- Generated by org.testng.reporters.JUnitReportReporter -->
<testsuite hostname="USER-PC" name="com.Tests.RegistrationTest" tests="5" failures="0" timestamp="7 Aug 2018 07:53:11 GMT" time="153.913" errors="0">
  <testcase name="CreateRegistration" time="32.909" classname="com.Tests.RegistrationTest"/>
  <testcase name="CreateRegistration" time="29.527" classname="com.Tests.RegistrationTest"/>
  <testcase name="CreateRegistration" time="30.145" classname="com.Tests.RegistrationTest"/>
  <testcase name="CreateRegistration" time="29.328" classname="com.Tests.RegistrationTest"/>
  <testcase name="CreateRegistration" time="32.004" classname="com.Tests.RegistrationTest"/>
</testsuite> <!-- com.Tests.RegistrationTest -->
