<?xml version="1.0" encoding="UTF-8"?>
<!-- Generated by org.testng.reporters.JUnitReportReporter -->
<testsuite hostname="USER-PC" name="com.Tests.CasesTest" tests="1" failures="0" timestamp="25 Apr 2018 06:46:19 GMT" time="115.194" errors="0">
  <testcase name="NewCasesAdding" time="115.194" classname="com.Tests.CasesTest"/>
</testsuite> <!-- com.Tests.CasesTest -->
