<?xml version="1.0" encoding="UTF-8"?>
<!-- Generated by org.testng.reporters.JUnitReportReporter -->
<testsuite hostname="USER-PC" name="com.Tests.LoginTest2" tests="1" failures="0" timestamp="4 Jan 2018 14:54:20 GMT" time="55.705" errors="0">
  <testcase name="Login" time="55.705" classname="com.Tests.LoginTest2"/>
</testsuite> <!-- com.Tests.LoginTest2 -->
