<?xml version="1.0" encoding="UTF-8"?>
<!-- Generated by org.testng.reporters.JUnitReportReporter -->
<testsuite hostname="USER-PC" name="com.Tests.LoginPageTest" tests="6" failures="0" timestamp="12 Jan 2018 05:58:49 GMT" time="244.233" errors="0">
  <testcase name="Logoverify" time="57.205" classname="com.Tests.LoginPageTest"/>
  <testcase name="LoginTest" time="23.452" classname="com.Tests.LoginPageTest"/>
  <testcase name="LoginTest" time="29.673" classname="com.Tests.LoginPageTest"/>
  <testcase name="LoginTest" time="41.858" classname="com.Tests.LoginPageTest"/>
  <testcase name="LoginTest" time="26.289" classname="com.Tests.LoginPageTest"/>
  <testcase name="LoginTest" time="65.756" classname="com.Tests.LoginPageTest"/>
</testsuite> <!-- com.Tests.LoginPageTest -->
