<?xml version="1.0" encoding="UTF-8"?>
<!-- Generated by org.testng.reporters.JUnitReportReporter -->
<testsuite hostname="USER-PC" name="com.Tests.LoginPageTest" tests="1" failures="0" timestamp="18 Jan 2018 07:08:36 GMT" time="30.815" errors="0">
  <testcase name="Login" time="30.815" classname="com.Tests.LoginPageTest"/>
</testsuite> <!-- com.Tests.LoginPageTest -->
