<?xml version="1.0" encoding="UTF-8"?>
<!-- Generated by org.testng.reporters.JUnitReportReporter -->
<testsuite hostname="USER-PC" name="com.Tests.RegistrationTest" tests="9" failures="0" timestamp="13 Jan 2018 12:12:34 GMT" time="277.304" errors="0">
  <testcase name="CreateRegistration" time="28.178" classname="com.Tests.RegistrationTest"/>
  <testcase name="ValiadteIAgreeSelected" time="21.738" classname="com.Tests.RegistrationTest"/>
  <testcase name="ValidateSubmitBtnAgreeEditionMsg" time="28.046" classname="com.Tests.RegistrationTest"/>
  <testcase name="CreateRegistration" time="63.858" classname="com.Tests.RegistrationTest"/>
  <testcase name="CreateRegistration" time="28.593" classname="com.Tests.RegistrationTest"/>
  <testcase name="CreateRegistration" time="25.921" classname="com.Tests.RegistrationTest"/>
  <testcase name="EditionValues" time="22.995" classname="com.Tests.RegistrationTest"/>
  <testcase name="FieldMessageValidate" time="27.693" classname="com.Tests.RegistrationTest"/>
  <testcase name="CreateRegistration" time="30.282" classname="com.Tests.RegistrationTest"/>
</testsuite> <!-- com.Tests.RegistrationTest -->
