<?xml version="1.0" encoding="UTF-8"?>
<!-- Generated by org.testng.reporters.JUnitReportReporter -->
<testsuite hostname="USER-PC" name="com.Tests.CallTest" tests="1" failures="0" timestamp="12 Aug 2018 19:37:25 GMT" time="84.776" errors="0">
  <testcase name="searchContact" time="84.776" classname="com.Tests.CallTest"/>
</testsuite> <!-- com.Tests.CallTest -->
